Using pre-set license
Built from '2020.3/staging' branch; Version is '2020.3.0f1 (c7b5465681fb) revision 13088070'; Using compiler version '192528614'; Build Type 'Release'
OS: 'Windows 10 Home; OS build 19042.867; Version 2009; 64bit' Language: 'fr' Physical Memory: 16307 MB
BatchMode: 1, IsHumanControllingUs: 0, StartBugReporterOnCrash: 0, Is64bit: 1, IsPro: 0

 COMMAND LINE ARGUMENTS:
C:\Program Files\Unity\Hub\Editor\2020.3.0f1\Editor\Unity.exe
-adb2
-batchMode
-noUpm
-name
AssetImportWorker0
-projectPath
C:/Users/Kevin/Golf
-logFile
Logs/AssetImportWorker0.log
-srvPort
56642
Successfully changed project path to: C:/Users/Kevin/Golf
C:/Users/Kevin/Golf
Using Asset Import Pipeline V2.
Refreshing native plugins compatible for Editor in 24.05 ms, found 0 plugins.
Preloading 0 native plugins for Editor in 0.00 ms.
Initialize engine version: 2020.3.0f1 (c7b5465681fb)
[Subsystems] Discovering subsystems at path C:/Program Files/Unity/Hub/Editor/2020.3.0f1/Editor/Data/Resources/UnitySubsystems
[Subsystems] Discovering subsystems at path C:/Users/Kevin/Golf/Assets
GfxDevice: creating device client; threaded=0
Direct3D:
    Version:  Direct3D 11.0 [level 11.1]
    Renderer: NVIDIA GeForce GTX 1070 (ID=0x1ba1)
    Vendor:   
    VRAM:     8081 MB
    Driver:   25.21.14.2546
Initialize mono
Mono path[0] = 'C:/Program Files/Unity/Hub/Editor/2020.3.0f1/Editor/Data/Managed'
Mono path[1] = 'C:/Program Files/Unity/Hub/Editor/2020.3.0f1/Editor/Data/MonoBleedingEdge/lib/mono/unityjit'
Mono config path = 'C:/Program Files/Unity/Hub/Editor/2020.3.0f1/Editor/Data/MonoBleedingEdge/etc'
Using monoOptions --debugger-agent=transport=dt_socket,embedding=1,server=y,suspend=n,address=127.0.0.1:56796
Begin MonoManager ReloadAssembly
Registering precompiled unity dll's ...
Register platform support module: C:/Program Files/Unity/Hub/Editor/2020.3.0f1/Editor/Data/PlaybackEngines/WebGLSupport/UnityEditor.WebGL.Extensions.dll
Register platform support module: C:/Program Files/Unity/Hub/Editor/2020.3.0f1/Editor/Data/PlaybackEngines/WindowsStandaloneSupport/UnityEditor.WindowsStandalone.Extensions.dll
Registered in 0.002200 seconds.
Native extension for WindowsStandalone target not found
Native extension for WebGL target not found
Refreshing native plugins compatible for Editor in 23.58 ms, found 0 plugins.
Preloading 0 native plugins for Editor in 0.00 ms.
Invoked RoslynAnalysisRunner static constructor.
RoslynAnalysisRunner will not be running.
RoslynAnalysisRunner has terminated.
Mono: successfully reloaded assembly
- Completed reload, in  1.880 seconds
Platform modules already initialized, skipping
Registering precompiled user dll's ...
Registered in 0.000753 seconds.
Begin MonoManager ReloadAssembly
Native extension for WindowsStandalone target not found
Native extension for WebGL target not found
Refreshing native plugins compatible for Editor in 0.21 ms, found 0 plugins.
Preloading 0 native plugins for Editor in 0.00 ms.
Invoked RoslynAnalysisRunner static constructor.
RoslynAnalysisRunner will not be running.
RoslynAnalysisRunner has terminated.
Mono: successfully reloaded assembly
- Completed reload, in  0.805 seconds
Platform modules already initialized, skipping
========================================================================
Worker process is ready to serve import requests
Launched and connected shader compiler UnityShaderCompiler.exe after 0.05 seconds
Refreshing native plugins compatible for Editor in 0.21 ms, found 0 plugins.
Preloading 0 native plugins for Editor in 0.00 ms.
Unloading 1116 Unused Serialized files (Serialized files now loaded: 0)
System memory in use before: 58.0 MB.
System memory in use after: 58.1 MB.

Unloading 10 unused Assets to reduce memory usage. Loaded Objects now: 1563.
Total: 1.975700 ms (FindLiveObjects: 0.131500 ms CreateObjectMapping: 0.035400 ms MarkObjects: 1.707800 ms  DeleteObjects: 0.099600 ms)

========================================================================
Received Import Request.
  path: Assets/Script
  artifactKey: Guid(5d80b891d74aee74f8aeea101a718f62) Importer(815301076,1909f56bfc062723c751e8b465ee728b)
Start importing Assets/Script using Guid(5d80b891d74aee74f8aeea101a718f62) Importer(815301076,1909f56bfc062723c751e8b465ee728b)  -> (artifact id: '0b5af2af565117e90d7dccd8e2b6ce7f') in 0.008084 seconds
  Import took 0.009896 seconds .

========================================================================
Received Prepare
Registering precompiled user dll's ...
Registered in 0.000697 seconds.
Begin MonoManager ReloadAssembly
Native extension for WindowsStandalone target not found
Native extension for WebGL target not found
Refreshing native plugins compatible for Editor in 0.21 ms, found 0 plugins.
Preloading 0 native plugins for Editor in 0.00 ms.
Invoked RoslynAnalysisRunner static constructor.
RoslynAnalysisRunner will not be running.
RoslynAnalysisRunner has terminated.
Mono: successfully reloaded assembly
- Completed reload, in  0.798 seconds
Platform modules already initialized, skipping
Refreshing native plugins compatible for Editor in 0.24 ms, found 0 plugins.
Preloading 0 native plugins for Editor in 0.00 ms.
Unloading 1115 Unused Serialized files (Serialized files now loaded: 0)
System memory in use before: 58.0 MB.
System memory in use after: 58.1 MB.

Unloading 5 unused Assets to reduce memory usage. Loaded Objects now: 1571.
Total: 1.735700 ms (FindLiveObjects: 0.176000 ms CreateObjectMapping: 0.049800 ms MarkObjects: 1.448200 ms  DeleteObjects: 0.059900 ms)

========================================================================
Received Import Request.
  Time since last request: 69.293544 seconds.
  path: Assets/Script/Script1.cs
  artifactKey: Guid(72be579c6ddd14b499053206d90cd058) Importer(815301076,1909f56bfc062723c751e8b465ee728b)
Start importing Assets/Script/Script1.cs using Guid(72be579c6ddd14b499053206d90cd058) Importer(815301076,1909f56bfc062723c751e8b465ee728b)  -> (artifact id: '53c8f1a7b43310b69654e5e4426b82b9') in 0.032105 seconds
  Import took 0.033929 seconds .

========================================================================
Received Import Request.
  Time since last request: 0.092173 seconds.
  path: Assets/Script/Script1.cs
  artifactKey: Guid(72be579c6ddd14b499053206d90cd058) Importer(815301076,1909f56bfc062723c751e8b465ee728b)
Start importing Assets/Script/Script1.cs using Guid(72be579c6ddd14b499053206d90cd058) Importer(815301076,1909f56bfc062723c751e8b465ee728b)  -> (artifact id: '53c8f1a7b43310b69654e5e4426b82b9') in 0.002634 seconds
  Import took 0.004387 seconds .

========================================================================
Received Prepare
Registering precompiled user dll's ...
Registered in 0.000794 seconds.
Begin MonoManager ReloadAssembly
Native extension for WindowsStandalone target not found
Native extension for WebGL target not found
Refreshing native plugins compatible for Editor in 0.41 ms, found 0 plugins.
Preloading 0 native plugins for Editor in 0.00 ms.
Invoked RoslynAnalysisRunner static constructor.
RoslynAnalysisRunner will not be running.
RoslynAnalysisRunner has terminated.
Mono: successfully reloaded assembly
- Completed reload, in  0.796 seconds
Platform modules already initialized, skipping
Refreshing native plugins compatible for Editor in 0.21 ms, found 0 plugins.
Preloading 0 native plugins for Editor in 0.00 ms.
Unloading 1115 Unused Serialized files (Serialized files now loaded: 0)
System memory in use before: 58.0 MB.
System memory in use after: 58.1 MB.

Unloading 5 unused Assets to reduce memory usage. Loaded Objects now: 1574.
Total: 1.705400 ms (FindLiveObjects: 0.140300 ms CreateObjectMapping: 0.043300 ms MarkObjects: 1.470200 ms  DeleteObjects: 0.049900 ms)

========================================================================
Received Import Request.
  Time since last request: 378.129215 seconds.
  path: Assets/Script/Script2.cs
  artifactKey: Guid(0638f07d3f56831458b5ac9f7b5a081d) Importer(815301076,1909f56bfc062723c751e8b465ee728b)
Start importing Assets/Script/Script2.cs using Guid(0638f07d3f56831458b5ac9f7b5a081d) Importer(815301076,1909f56bfc062723c751e8b465ee728b)  -> (artifact id: '458f8405d34fceb8fec9f8549874a46e') in 0.012717 seconds
  Import took 0.015539 seconds .

========================================================================
Received Prepare
Registering precompiled user dll's ...
Registered in 0.000659 seconds.
Begin MonoManager ReloadAssembly
Native extension for WindowsStandalone target not found
Native extension for WebGL target not found
Refreshing native plugins compatible for Editor in 0.32 ms, found 0 plugins.
Preloading 0 native plugins for Editor in 0.00 ms.
Invoked RoslynAnalysisRunner static constructor.
RoslynAnalysisRunner will not be running.
RoslynAnalysisRunner has terminated.
Mono: successfully reloaded assembly
- Completed reload, in  0.770 seconds
Platform modules already initialized, skipping
Refreshing native plugins compatible for Editor in 0.20 ms, found 0 plugins.
Preloading 0 native plugins for Editor in 0.00 ms.
Unloading 1116 Unused Serialized files (Serialized files now loaded: 0)
System memory in use before: 58.1 MB.
System memory in use after: 58.2 MB.

Unloading 5 unused Assets to reduce memory usage. Loaded Objects now: 1578.
Total: 2.595400 ms (FindLiveObjects: 0.330300 ms CreateObjectMapping: 0.072900 ms MarkObjects: 2.125600 ms  DeleteObjects: 0.064800 ms)

========================================================================
Received Prepare
Registering precompiled user dll's ...
Registered in 0.000664 seconds.
Begin MonoManager ReloadAssembly
Native extension for WindowsStandalone target not found
Native extension for WebGL target not found
Refreshing native plugins compatible for Editor in 0.21 ms, found 0 plugins.
Preloading 0 native plugins for Editor in 0.00 ms.
Invoked RoslynAnalysisRunner static constructor.
RoslynAnalysisRunner will not be running.
RoslynAnalysisRunner has terminated.
Mono: successfully reloaded assembly
- Completed reload, in  0.773 seconds
Platform modules already initialized, skipping
Refreshing native plugins compatible for Editor in 0.28 ms, found 0 plugins.
Preloading 0 native plugins for Editor in 0.00 ms.
Unloading 1116 Unused Serialized files (Serialized files now loaded: 0)
System memory in use before: 58.1 MB.
System memory in use after: 58.2 MB.

Unloading 5 unused Assets to reduce memory usage. Loaded Objects now: 1581.
Total: 2.365900 ms (FindLiveObjects: 0.261800 ms CreateObjectMapping: 0.081400 ms MarkObjects: 1.957200 ms  DeleteObjects: 0.063600 ms)

========================================================================
Received Import Request.
  Time since last request: 894.561391 seconds.
  path: Assets/Script/Script2.cs
  artifactKey: Guid(0638f07d3f56831458b5ac9f7b5a081d) Importer(815301076,1909f56bfc062723c751e8b465ee728b)
Start importing Assets/Script/Script2.cs using Guid(0638f07d3f56831458b5ac9f7b5a081d) Importer(815301076,1909f56bfc062723c751e8b465ee728b)  -> (artifact id: '66efa64bcf1c400dc2f7907091bfd30c') in 0.005075 seconds
  Import took 0.006856 seconds .

========================================================================
Received Prepare
Registering precompiled user dll's ...
Registered in 0.000815 seconds.
Begin MonoManager ReloadAssembly
Native extension for WindowsStandalone target not found
Native extension for WebGL target not found
Refreshing native plugins compatible for Editor in 0.21 ms, found 0 plugins.
Preloading 0 native plugins for Editor in 0.00 ms.
Invoked RoslynAnalysisRunner static constructor.
RoslynAnalysisRunner will not be running.
RoslynAnalysisRunner has terminated.
Mono: successfully reloaded assembly
- Completed reload, in  0.769 seconds
Platform modules already initialized, skipping
Refreshing native plugins compatible for Editor in 0.22 ms, found 0 plugins.
Preloading 0 native plugins for Editor in 0.00 ms.
Unloading 1116 Unused Serialized files (Serialized files now loaded: 0)
System memory in use before: 58.1 MB.
System memory in use after: 58.2 MB.

Unloading 5 unused Assets to reduce memory usage. Loaded Objects now: 1584.
Total: 1.920400 ms (FindLiveObjects: 0.135700 ms CreateObjectMapping: 0.043000 ms MarkObjects: 1.656900 ms  DeleteObjects: 0.082500 ms)

========================================================================
Received Import Request.
  Time since last request: 452.555073 seconds.
  path: Assets/LowPolyWater_Pack/Textures/Hand Painted Grass  Texture/Texture/Materials
  artifactKey: Guid(714c22b6e6d40f5439e23b0baac96191) Importer(815301076,1909f56bfc062723c751e8b465ee728b)
Start importing Assets/LowPolyWater_Pack/Textures/Hand Painted Grass  Texture/Texture/Materials using Guid(714c22b6e6d40f5439e23b0baac96191) Importer(815301076,1909f56bfc062723c751e8b465ee728b)  -> (artifact id: '9cb981ecc839e98ff5a3f5c809001681') in 0.019240 seconds
  Import took 0.021446 seconds .

========================================================================
Received Import Request.
  Time since last request: 297.603398 seconds.
  path: Assets/LowPolyWater_Pack/Scripts/Editor
  artifactKey: Guid(34df541ef38b1c0498aec787c3861a90) Importer(815301076,1909f56bfc062723c751e8b465ee728b)
Start importing Assets/LowPolyWater_Pack/Scripts/Editor using Guid(34df541ef38b1c0498aec787c3861a90) Importer(815301076,1909f56bfc062723c751e8b465ee728b)  -> (artifact id: '922beb8b5cb469f751009484ffc94e3f') in 0.018921 seconds
  Import took 0.020772 seconds .

========================================================================
Received Import Request.
  Time since last request: 32.165745 seconds.
  path: Assets/Script/ForceField.cs
  artifactKey: Guid(ccea8627d482813468e4c16672158e37) Importer(815301076,1909f56bfc062723c751e8b465ee728b)
Start importing Assets/Script/ForceField.cs using Guid(ccea8627d482813468e4c16672158e37) Importer(815301076,1909f56bfc062723c751e8b465ee728b)  -> (artifact id: 'f711792dd855d5c8a6dd4761e943c025') in 0.009640 seconds
  Import took 0.012944 seconds .

========================================================================
Received Prepare
Registering precompiled user dll's ...
Registered in 0.001283 seconds.
Begin MonoManager ReloadAssembly
Native extension for WindowsStandalone target not found
Native extension for WebGL target not found
Refreshing native plugins compatible for Editor in 0.21 ms, found 0 plugins.
Preloading 0 native plugins for Editor in 0.00 ms.
Invoked RoslynAnalysisRunner static constructor.
RoslynAnalysisRunner will not be running.
RoslynAnalysisRunner has terminated.
Mono: successfully reloaded assembly
- Completed reload, in  0.774 seconds
Platform modules already initialized, skipping
Refreshing native plugins compatible for Editor in 0.34 ms, found 0 plugins.
Preloading 0 native plugins for Editor in 0.00 ms.
Unloading 1116 Unused Serialized files (Serialized files now loaded: 0)
System memory in use before: 58.1 MB.
System memory in use after: 58.2 MB.

Unloading 5 unused Assets to reduce memory usage. Loaded Objects now: 1587.
Total: 1.548500 ms (FindLiveObjects: 0.127000 ms CreateObjectMapping: 0.042500 ms MarkObjects: 1.328400 ms  DeleteObjects: 0.049200 ms)

========================================================================
Received Import Request.
  Time since last request: 253.904633 seconds.
  path: Assets/Script/RotateObject.cs
  artifactKey: Guid(f34693f903c118d4fa75c3ff9877f831) Importer(815301076,1909f56bfc062723c751e8b465ee728b)
Start importing Assets/Script/RotateObject.cs using Guid(f34693f903c118d4fa75c3ff9877f831) Importer(815301076,1909f56bfc062723c751e8b465ee728b)  -> (artifact id: '738d8b5156d8926794543b884a6d3b3f') in 0.010099 seconds
  Import took 0.011971 seconds .

========================================================================
Received Prepare
Registering precompiled user dll's ...
Registered in 0.000741 seconds.
Begin MonoManager ReloadAssembly
Native extension for WindowsStandalone target not found
Native extension for WebGL target not found
Refreshing native plugins compatible for Editor in 0.22 ms, found 0 plugins.
Preloading 0 native plugins for Editor in 0.00 ms.
Invoked RoslynAnalysisRunner static constructor.
RoslynAnalysisRunner will not be running.
RoslynAnalysisRunner has terminated.
Mono: successfully reloaded assembly
- Completed reload, in  0.770 seconds
Platform modules already initialized, skipping
Refreshing native plugins compatible for Editor in 0.22 ms, found 0 plugins.
Preloading 0 native plugins for Editor in 0.00 ms.
Unloading 1116 Unused Serialized files (Serialized files now loaded: 0)
System memory in use before: 58.1 MB.
System memory in use after: 58.2 MB.

Unloading 5 unused Assets to reduce memory usage. Loaded Objects now: 1590.
Total: 1.854900 ms (FindLiveObjects: 0.207000 ms CreateObjectMapping: 0.072700 ms MarkObjects: 1.522100 ms  DeleteObjects: 0.051600 ms)

========================================================================
Received Prepare
Registering precompiled user dll's ...
Registered in 0.000672 seconds.
Begin MonoManager ReloadAssembly
Native extension for WindowsStandalone target not found
Native extension for WebGL target not found
Refreshing native plugins compatible for Editor in 0.22 ms, found 0 plugins.
Preloading 0 native plugins for Editor in 0.00 ms.
Invoked RoslynAnalysisRunner static constructor.
RoslynAnalysisRunner will not be running.
RoslynAnalysisRunner has terminated.
Mono: successfully reloaded assembly
- Completed reload, in  0.751 seconds
Platform modules already initialized, skipping
Refreshing native plugins compatible for Editor in 0.22 ms, found 0 plugins.
Preloading 0 native plugins for Editor in 0.00 ms.
Unloading 1116 Unused Serialized files (Serialized files now loaded: 0)
System memory in use before: 58.1 MB.
System memory in use after: 58.2 MB.

Unloading 5 unused Assets to reduce memory usage. Loaded Objects now: 1593.
Total: 1.743500 ms (FindLiveObjects: 0.135500 ms CreateObjectMapping: 0.034300 ms MarkObjects: 1.514300 ms  DeleteObjects: 0.058200 ms)

========================================================================
Received Prepare
Registering precompiled user dll's ...
Registered in 0.000687 seconds.
Begin MonoManager ReloadAssembly
Native extension for WindowsStandalone target not found
Native extension for WebGL target not found
Refreshing native plugins compatible for Editor in 0.21 ms, found 0 plugins.
Preloading 0 native plugins for Editor in 0.00 ms.
Invoked RoslynAnalysisRunner static constructor.
RoslynAnalysisRunner will not be running.
RoslynAnalysisRunner has terminated.
Mono: successfully reloaded assembly
- Completed reload, in  0.774 seconds
Platform modules already initialized, skipping
Refreshing native plugins compatible for Editor in 0.22 ms, found 0 plugins.
Preloading 0 native plugins for Editor in 0.00 ms.
Unloading 1116 Unused Serialized files (Serialized files now loaded: 0)
System memory in use before: 58.1 MB.
System memory in use after: 58.2 MB.

Unloading 5 unused Assets to reduce memory usage. Loaded Objects now: 1596.
Total: 1.897200 ms (FindLiveObjects: 0.168100 ms CreateObjectMapping: 0.042000 ms MarkObjects: 1.628600 ms  DeleteObjects: 0.057100 ms)

========================================================================
Received Prepare
Registering precompiled user dll's ...
Registered in 0.001156 seconds.
Begin MonoManager ReloadAssembly
Native extension for WindowsStandalone target not found
Native extension for WebGL target not found
Refreshing native plugins compatible for Editor in 0.29 ms, found 0 plugins.
Preloading 0 native plugins for Editor in 0.00 ms.
Invoked RoslynAnalysisRunner static constructor.
RoslynAnalysisRunner will not be running.
RoslynAnalysisRunner has terminated.
Mono: successfully reloaded assembly
- Completed reload, in  0.781 seconds
Platform modules already initialized, skipping
Refreshing native plugins compatible for Editor in 0.21 ms, found 0 plugins.
Preloading 0 native plugins for Editor in 0.00 ms.
Unloading 1116 Unused Serialized files (Serialized files now loaded: 0)
System memory in use before: 58.1 MB.
System memory in use after: 58.2 MB.

Unloading 5 unused Assets to reduce memory usage. Loaded Objects now: 1599.
Total: 1.992400 ms (FindLiveObjects: 0.228300 ms CreateObjectMapping: 0.058200 ms MarkObjects: 1.647900 ms  DeleteObjects: 0.055700 ms)

========================================================================
Received Import Request.
  Time since last request: 1134.455815 seconds.
  path: Assets/Script/BallCamera.cs
  artifactKey: Guid(766da89d7692c6447a86d47f3b03df80) Importer(815301076,1909f56bfc062723c751e8b465ee728b)
Start importing Assets/Script/BallCamera.cs using Guid(766da89d7692c6447a86d47f3b03df80) Importer(815301076,1909f56bfc062723c751e8b465ee728b)  -> (artifact id: 'f71341a25af81a0b854eae0e60aa03c5') in 0.010877 seconds
  Import took 0.013524 seconds .

========================================================================
Received Prepare
Registering precompiled user dll's ...
Registered in 0.000787 seconds.
Begin MonoManager ReloadAssembly
Native extension for WindowsStandalone target not found
Native extension for WebGL target not found
Refreshing native plugins compatible for Editor in 0.21 ms, found 0 plugins.
Preloading 0 native plugins for Editor in 0.00 ms.
Invoked RoslynAnalysisRunner static constructor.
RoslynAnalysisRunner will not be running.
RoslynAnalysisRunner has terminated.
Mono: successfully reloaded assembly
- Completed reload, in  0.735 seconds
Platform modules already initialized, skipping
Refreshing native plugins compatible for Editor in 0.23 ms, found 0 plugins.
Preloading 0 native plugins for Editor in 0.00 ms.
Unloading 1116 Unused Serialized files (Serialized files now loaded: 0)
System memory in use before: 58.2 MB.
System memory in use after: 58.2 MB.

Unloading 5 unused Assets to reduce memory usage. Loaded Objects now: 1602.
Total: 1.857000 ms (FindLiveObjects: 0.162700 ms CreateObjectMapping: 0.037400 ms MarkObjects: 1.602700 ms  DeleteObjects: 0.052900 ms)

========================================================================
Received Import Request.
  Time since last request: 2941.709749 seconds.
  path: Assets/Script/MouvementCube.cs
  artifactKey: Guid(9031e66f9b4cf164299755d619931193) Importer(815301076,1909f56bfc062723c751e8b465ee728b)
Start importing Assets/Script/MouvementCube.cs using Guid(9031e66f9b4cf164299755d619931193) Importer(815301076,1909f56bfc062723c751e8b465ee728b)  -> (artifact id: 'e10cec9f5876349335c6dc418eaeea8b') in 0.015898 seconds
  Import took 0.018400 seconds .

========================================================================
Received Prepare
Registering precompiled user dll's ...
Registered in 0.000672 seconds.
Begin MonoManager ReloadAssembly
Native extension for WindowsStandalone target not found
Native extension for WebGL target not found
Refreshing native plugins compatible for Editor in 0.27 ms, found 0 plugins.
Preloading 0 native plugins for Editor in 0.00 ms.
Invoked RoslynAnalysisRunner static constructor.
RoslynAnalysisRunner will not be running.
RoslynAnalysisRunner has terminated.
Mono: successfully reloaded assembly
- Completed reload, in  0.797 seconds
Platform modules already initialized, skipping
Refreshing native plugins compatible for Editor in 0.25 ms, found 0 plugins.
Preloading 0 native plugins for Editor in 0.00 ms.
Unloading 1117 Unused Serialized files (Serialized files now loaded: 0)
System memory in use before: 58.2 MB.
System memory in use after: 58.3 MB.

Unloading 5 unused Assets to reduce memory usage. Loaded Objects now: 1606.
Total: 1.736400 ms (FindLiveObjects: 0.144000 ms CreateObjectMapping: 0.032700 ms MarkObjects: 1.504800 ms  DeleteObjects: 0.053900 ms)

========================================================================
Received Prepare
Registering precompiled user dll's ...
Registered in 0.000695 seconds.
Begin MonoManager ReloadAssembly
Native extension for WindowsStandalone target not found
Native extension for WebGL target not found
Refreshing native plugins compatible for Editor in 0.23 ms, found 0 plugins.
Preloading 0 native plugins for Editor in 0.00 ms.
Invoked RoslynAnalysisRunner static constructor.
RoslynAnalysisRunner will not be running.
RoslynAnalysisRunner has terminated.
Mono: successfully reloaded assembly
- Completed reload, in  0.792 seconds
Platform modules already initialized, skipping
Refreshing native plugins compatible for Editor in 0.27 ms, found 0 plugins.
Preloading 0 native plugins for Editor in 0.00 ms.
Unloading 1117 Unused Serialized files (Serialized files now loaded: 0)
System memory in use before: 58.2 MB.
System memory in use after: 58.3 MB.

Unloading 5 unused Assets to reduce memory usage. Loaded Objects now: 1609.
Total: 1.774800 ms (FindLiveObjects: 0.202900 ms CreateObjectMapping: 0.053600 ms MarkObjects: 1.465800 ms  DeleteObjects: 0.050700 ms)

========================================================================
Received Import Request.
  Time since last request: 444.945484 seconds.
  path: Assets/Script/MouvementCube.cs
  artifactKey: Guid(9031e66f9b4cf164299755d619931193) Importer(815301076,1909f56bfc062723c751e8b465ee728b)
Start importing Assets/Script/MouvementCube.cs using Guid(9031e66f9b4cf164299755d619931193) Importer(815301076,1909f56bfc062723c751e8b465ee728b)  -> (artifact id: '8985e9dbda81ddd370377a96299b9056') in 0.005463 seconds
  Import took 0.007421 seconds .

========================================================================
Received Prepare
Registering precompiled user dll's ...
Registered in 0.000666 seconds.
Begin MonoManager ReloadAssembly
Native extension for WindowsStandalone target not found
Native extension for WebGL target not found
Refreshing native plugins compatible for Editor in 0.22 ms, found 0 plugins.
Preloading 0 native plugins for Editor in 0.00 ms.
Invoked RoslynAnalysisRunner static constructor.
RoslynAnalysisRunner will not be running.
RoslynAnalysisRunner has terminated.
Mono: successfully reloaded assembly
- Completed reload, in  0.810 seconds
Platform modules already initialized, skipping
Refreshing native plugins compatible for Editor in 0.26 ms, found 0 plugins.
Preloading 0 native plugins for Editor in 0.00 ms.
Unloading 1117 Unused Serialized files (Serialized files now loaded: 0)
System memory in use before: 58.2 MB.
System memory in use after: 58.3 MB.

Unloading 5 unused Assets to reduce memory usage. Loaded Objects now: 1612.
Total: 2.444100 ms (FindLiveObjects: 0.196400 ms CreateObjectMapping: 0.086300 ms MarkObjects: 2.086700 ms  DeleteObjects: 0.073100 ms)

========================================================================
Received Prepare
Registering precompiled user dll's ...
Registered in 0.000870 seconds.
Begin MonoManager ReloadAssembly
Native extension for WindowsStandalone target not found
Native extension for WebGL target not found
Refreshing native plugins compatible for Editor in 0.22 ms, found 0 plugins.
Preloading 0 native plugins for Editor in 0.00 ms.
Invoked RoslynAnalysisRunner static constructor.
RoslynAnalysisRunner will not be running.
RoslynAnalysisRunner has terminated.
Mono: successfully reloaded assembly
- Completed reload, in  0.745 seconds
Platform modules already initialized, skipping
Refreshing native plugins compatible for Editor in 0.21 ms, found 0 plugins.
Preloading 0 native plugins for Editor in 0.00 ms.
Unloading 1117 Unused Serialized files (Serialized files now loaded: 0)
System memory in use before: 58.2 MB.
System memory in use after: 58.3 MB.

Unloading 5 unused Assets to reduce memory usage. Loaded Objects now: 1615.
Total: 1.762900 ms (FindLiveObjects: 0.169100 ms CreateObjectMapping: 0.043800 ms MarkObjects: 1.493000 ms  DeleteObjects: 0.055800 ms)

========================================================================
Received Prepare
Registering precompiled user dll's ...
Registered in 0.001273 seconds.
Begin MonoManager ReloadAssembly
Native extension for WindowsStandalone target not found
Native extension for WebGL target not found
Refreshing native plugins compatible for Editor in 0.28 ms, found 0 plugins.
Preloading 0 native plugins for Editor in 0.00 ms.
Invoked RoslynAnalysisRunner static constructor.
RoslynAnalysisRunner will not be running.
RoslynAnalysisRunner has terminated.
Mono: successfully reloaded assembly
- Completed reload, in  0.977 seconds
Platform modules already initialized, skipping
Refreshing native plugins compatible for Editor in 0.31 ms, found 0 plugins.
Preloading 0 native plugins for Editor in 0.00 ms.
Unloading 1117 Unused Serialized files (Serialized files now loaded: 0)
System memory in use before: 58.2 MB.
System memory in use after: 58.3 MB.

Unloading 5 unused Assets to reduce memory usage. Loaded Objects now: 1618.
Total: 1.639800 ms (FindLiveObjects: 0.188100 ms CreateObjectMapping: 0.045000 ms MarkObjects: 1.345500 ms  DeleteObjects: 0.060300 ms)

========================================================================
Received Import Request.
  Time since last request: 652.583025 seconds.
  path: Assets/materials/Hex 1.mat
  artifactKey: Guid(79f735f1cc387fd46857db750f729dbc) Importer(815301076,1909f56bfc062723c751e8b465ee728b)
Start importing Assets/materials/Hex 1.mat using Guid(79f735f1cc387fd46857db750f729dbc) Importer(815301076,1909f56bfc062723c751e8b465ee728b)  -> (artifact id: '312c5c8dca9f7d35875dcc8129c80335') in 0.157559 seconds
  Import took 0.159926 seconds .

========================================================================
Received Prepare
Registering precompiled user dll's ...
Registered in 0.000700 seconds.
Begin MonoManager ReloadAssembly
Native extension for WindowsStandalone target not found
Native extension for WebGL target not found
Refreshing native plugins compatible for Editor in 0.22 ms, found 0 plugins.
Preloading 0 native plugins for Editor in 0.00 ms.
Invoked RoslynAnalysisRunner static constructor.
RoslynAnalysisRunner will not be running.
RoslynAnalysisRunner has terminated.
Mono: successfully reloaded assembly
- Completed reload, in  0.775 seconds
Platform modules already initialized, skipping
Refreshing native plugins compatible for Editor in 0.27 ms, found 0 plugins.
Preloading 0 native plugins for Editor in 0.00 ms.
Unloading 1117 Unused Serialized files (Serialized files now loaded: 0)
System memory in use before: 61.5 MB.
System memory in use after: 61.6 MB.

Unloading 5 unused Assets to reduce memory usage. Loaded Objects now: 1661.
Total: 1.661800 ms (FindLiveObjects: 0.154500 ms CreateObjectMapping: 0.052200 ms MarkObjects: 1.403300 ms  DeleteObjects: 0.050600 ms)

========================================================================
Received Prepare
Registering precompiled user dll's ...
Registered in 0.000796 seconds.
Begin MonoManager ReloadAssembly
Native extension for WindowsStandalone target not found
Native extension for WebGL target not found
Refreshing native plugins compatible for Editor in 0.22 ms, found 0 plugins.
Preloading 0 native plugins for Editor in 0.00 ms.
Invoked RoslynAnalysisRunner static constructor.
RoslynAnalysisRunner will not be running.
RoslynAnalysisRunner has terminated.
Mono: successfully reloaded assembly
- Completed reload, in  0.778 seconds
Platform modules already initialized, skipping
Refreshing native plugins compatible for Editor in 0.21 ms, found 0 plugins.
Preloading 0 native plugins for Editor in 0.00 ms.
Unloading 1117 Unused Serialized files (Serialized files now loaded: 0)
System memory in use before: 61.6 MB.
System memory in use after: 61.6 MB.

Unloading 5 unused Assets to reduce memory usage. Loaded Objects now: 1664.
Total: 1.909600 ms (FindLiveObjects: 0.220000 ms CreateObjectMapping: 0.130100 ms MarkObjects: 1.505400 ms  DeleteObjects: 0.052500 ms)

========================================================================
Received Import Request.
  Time since last request: 191.725035 seconds.
  path: Assets/LowPolyWater_Pack/Materials/LowPolyWaterMaterial.mat
  artifactKey: Guid(8538bd626cb3e80478f62e319f75e337) Importer(815301076,1909f56bfc062723c751e8b465ee728b)
Start importing Assets/LowPolyWater_Pack/Materials/LowPolyWaterMaterial.mat using Guid(8538bd626cb3e80478f62e319f75e337) Importer(815301076,1909f56bfc062723c751e8b465ee728b)  -> (artifact id: '0f87bde3022d8c701e97a71694ad9201') in 0.079617 seconds
  Import took 0.081901 seconds .

========================================================================
Received Prepare
Registering precompiled user dll's ...
Registered in 0.000712 seconds.
Begin MonoManager ReloadAssembly
Native extension for WindowsStandalone target not found
Native extension for WebGL target not found
Refreshing native plugins compatible for Editor in 0.34 ms, found 0 plugins.
Preloading 0 native plugins for Editor in 0.00 ms.
Invoked RoslynAnalysisRunner static constructor.
RoslynAnalysisRunner will not be running.
RoslynAnalysisRunner has terminated.
Mono: successfully reloaded assembly
- Completed reload, in  0.793 seconds
Platform modules already initialized, skipping
Refreshing native plugins compatible for Editor in 0.20 ms, found 0 plugins.
Preloading 0 native plugins for Editor in 0.00 ms.
Unloading 1117 Unused Serialized files (Serialized files now loaded: 0)
System memory in use before: 61.6 MB.
System memory in use after: 61.7 MB.

Unloading 5 unused Assets to reduce memory usage. Loaded Objects now: 1669.
Total: 2.174400 ms (FindLiveObjects: 0.296400 ms CreateObjectMapping: 0.054100 ms MarkObjects: 1.766000 ms  DeleteObjects: 0.056100 ms)

========================================================================
Received Prepare
Registering precompiled user dll's ...
Registered in 0.000772 seconds.
Begin MonoManager ReloadAssembly
Native extension for WindowsStandalone target not found
Native extension for WebGL target not found
Refreshing native plugins compatible for Editor in 0.43 ms, found 0 plugins.
Preloading 0 native plugins for Editor in 0.00 ms.
Invoked RoslynAnalysisRunner static constructor.
RoslynAnalysisRunner will not be running.
RoslynAnalysisRunner has terminated.
Mono: successfully reloaded assembly
- Completed reload, in  1.020 seconds
Platform modules already initialized, skipping
Refreshing native plugins compatible for Editor in 0.28 ms, found 0 plugins.
Preloading 0 native plugins for Editor in 0.00 ms.
Unloading 1117 Unused Serialized files (Serialized files now loaded: 0)
System memory in use before: 61.6 MB.
System memory in use after: 61.7 MB.

Unloading 5 unused Assets to reduce memory usage. Loaded Objects now: 1672.
Total: 3.501700 ms (FindLiveObjects: 0.481200 ms CreateObjectMapping: 0.067300 ms MarkObjects: 2.842100 ms  DeleteObjects: 0.103900 ms)

========================================================================
Received Import Request.
  Time since last request: 1648.698441 seconds.
  path: Assets/Script/TirScript.cs
  artifactKey: Guid(c4225baeafea35542975e961b83a4839) Importer(815301076,1909f56bfc062723c751e8b465ee728b)
Start importing Assets/Script/TirScript.cs using Guid(c4225baeafea35542975e961b83a4839) Importer(815301076,1909f56bfc062723c751e8b465ee728b)  -> (artifact id: '9f28e1ea8b80fc779672f9ad3cb6da2e') in 0.013475 seconds
  Import took 0.016928 seconds .

========================================================================
Received Import Request.
  Time since last request: 0.004124 seconds.
  path: Assets/Script/TirScript.cs
  artifactKey: Guid(c4225baeafea35542975e961b83a4839) Importer(815301076,1909f56bfc062723c751e8b465ee728b)
Start importing Assets/Script/TirScript.cs using Guid(c4225baeafea35542975e961b83a4839) Importer(815301076,1909f56bfc062723c751e8b465ee728b)  -> (artifact id: '9f28e1ea8b80fc779672f9ad3cb6da2e') in 0.003688 seconds
  Import took 0.005829 seconds .

========================================================================
Received Prepare
Registering precompiled user dll's ...
Registered in 0.001010 seconds.
Begin MonoManager ReloadAssembly
Native extension for WindowsStandalone target not found
Native extension for WebGL target not found
Refreshing native plugins compatible for Editor in 0.23 ms, found 0 plugins.
Preloading 0 native plugins for Editor in 0.00 ms.
Invoked RoslynAnalysisRunner static constructor.
RoslynAnalysisRunner will not be running.
RoslynAnalysisRunner has terminated.
Mono: successfully reloaded assembly
- Completed reload, in  0.789 seconds
Platform modules already initialized, skipping
Refreshing native plugins compatible for Editor in 0.21 ms, found 0 plugins.
Preloading 0 native plugins for Editor in 0.00 ms.
Unloading 1117 Unused Serialized files (Serialized files now loaded: 0)
System memory in use before: 61.6 MB.
System memory in use after: 61.7 MB.

Unloading 5 unused Assets to reduce memory usage. Loaded Objects now: 1675.
Total: 2.121800 ms (FindLiveObjects: 0.142600 ms CreateObjectMapping: 0.038800 ms MarkObjects: 1.878800 ms  DeleteObjects: 0.060300 ms)

========================================================================
Received Prepare
Registering precompiled user dll's ...
Registered in 0.000998 seconds.
Begin MonoManager ReloadAssembly
Native extension for WindowsStandalone target not found
Native extension for WebGL target not found
Refreshing native plugins compatible for Editor in 0.23 ms, found 0 plugins.
Preloading 0 native plugins for Editor in 0.00 ms.
Invoked RoslynAnalysisRunner static constructor.
RoslynAnalysisRunner will not be running.
RoslynAnalysisRunner has terminated.
Mono: successfully reloaded assembly
- Completed reload, in  0.880 seconds
Platform modules already initialized, skipping
Refreshing native plugins compatible for Editor in 0.37 ms, found 0 plugins.
Preloading 0 native plugins for Editor in 0.00 ms.
Unloading 1117 Unused Serialized files (Serialized files now loaded: 0)
System memory in use before: 61.6 MB.
System memory in use after: 61.7 MB.

Unloading 5 unused Assets to reduce memory usage. Loaded Objects now: 1678.
Total: 2.643000 ms (FindLiveObjects: 0.283900 ms CreateObjectMapping: 0.100500 ms MarkObjects: 2.196900 ms  DeleteObjects: 0.060100 ms)

========================================================================
Received Import Request.
  Time since last request: 1343.678584 seconds.
  path: Assets/materials/Hex 2.mat
  artifactKey: Guid(5618429bf8ac9934ca3fb8ab0933f566) Importer(815301076,1909f56bfc062723c751e8b465ee728b)
Start importing Assets/materials/Hex 2.mat using Guid(5618429bf8ac9934ca3fb8ab0933f566) Importer(815301076,1909f56bfc062723c751e8b465ee728b)  -> (artifact id: 'aa8a930f9b22604158c7ede8438e46ac') in 0.077080 seconds
  Import took 0.079223 seconds .

========================================================================
Received Import Request.
  Time since last request: 37.742013 seconds.
  path: Assets/LowPolyWater_Pack/Materials/Foam.mat
  artifactKey: Guid(b6d3afcfcc3d92c4b91ab59237032940) Importer(815301076,1909f56bfc062723c751e8b465ee728b)
Start importing Assets/LowPolyWater_Pack/Materials/Foam.mat using Guid(b6d3afcfcc3d92c4b91ab59237032940) Importer(815301076,1909f56bfc062723c751e8b465ee728b)  -> (artifact id: '066f047507256a3770d541518e85590c') in 0.020528 seconds
  Import took 0.022541 seconds .

========================================================================
Received Import Request.
  Time since last request: 17.789771 seconds.
  path: Assets/Modeles3D_Golf/Objects/Flower1.fbx
  artifactKey: Guid(f9975918b04ce424999a3a5382040144) Importer(815301076,1909f56bfc062723c751e8b465ee728b)
Start importing Assets/Modeles3D_Golf/Objects/Flower1.fbx using Guid(f9975918b04ce424999a3a5382040144) Importer(815301076,1909f56bfc062723c751e8b465ee728b)  -> (artifact id: '4a644e244b22c868c28b9ae04cff7608') in 0.108352 seconds
  Import took 0.110958 seconds .

========================================================================
Received Prepare
Registering precompiled user dll's ...
Registered in 0.000699 seconds.
Begin MonoManager ReloadAssembly
Native extension for WindowsStandalone target not found
Native extension for WebGL target not found
Refreshing native plugins compatible for Editor in 0.25 ms, found 0 plugins.
Preloading 0 native plugins for Editor in 0.00 ms.
Invoked RoslynAnalysisRunner static constructor.
RoslynAnalysisRunner will not be running.
RoslynAnalysisRunner has terminated.
Mono: successfully reloaded assembly
- Completed reload, in  0.781 seconds
Platform modules already initialized, skipping
Refreshing native plugins compatible for Editor in 0.21 ms, found 0 plugins.
Preloading 0 native plugins for Editor in 0.00 ms.
Unloading 1117 Unused Serialized files (Serialized files now loaded: 0)
System memory in use before: 61.8 MB.
System memory in use after: 61.9 MB.

Unloading 5 unused Assets to reduce memory usage. Loaded Objects now: 1685.
Total: 1.821900 ms (FindLiveObjects: 0.212500 ms CreateObjectMapping: 0.084400 ms MarkObjects: 1.475700 ms  DeleteObjects: 0.047500 ms)

========================================================================
Received Import Request.
  Time since last request: 134.528935 seconds.
  path: Assets/LowPolyWater_Pack/Textures/Hand Painted Grass  Texture/Scene
  artifactKey: Guid(dc27bf153b0893147b194b8520719569) Importer(815301076,1909f56bfc062723c751e8b465ee728b)
Start importing Assets/LowPolyWater_Pack/Textures/Hand Painted Grass  Texture/Scene using Guid(dc27bf153b0893147b194b8520719569) Importer(815301076,1909f56bfc062723c751e8b465ee728b)  -> (artifact id: '66b959790042cb98fa4de4000ea9b483') in 0.018416 seconds
  Import took 0.020708 seconds .

========================================================================
Received Prepare
Registering precompiled user dll's ...
Registered in 0.000687 seconds.
Begin MonoManager ReloadAssembly
Native extension for WindowsStandalone target not found
Native extension for WebGL target not found
Refreshing native plugins compatible for Editor in 0.25 ms, found 0 plugins.
Preloading 0 native plugins for Editor in 0.00 ms.
Invoked RoslynAnalysisRunner static constructor.
RoslynAnalysisRunner will not be running.
RoslynAnalysisRunner has terminated.
Mono: successfully reloaded assembly
- Completed reload, in  0.780 seconds
Platform modules already initialized, skipping
Refreshing native plugins compatible for Editor in 0.23 ms, found 0 plugins.
Preloading 0 native plugins for Editor in 0.00 ms.
Unloading 1117 Unused Serialized files (Serialized files now loaded: 0)
System memory in use before: 61.8 MB.
System memory in use after: 61.9 MB.

Unloading 5 unused Assets to reduce memory usage. Loaded Objects now: 1688.
Total: 1.980300 ms (FindLiveObjects: 0.300200 ms CreateObjectMapping: 0.079900 ms MarkObjects: 1.543800 ms  DeleteObjects: 0.055100 ms)

========================================================================
Received Prepare
Registering precompiled user dll's ...
Registered in 0.000693 seconds.
Begin MonoManager ReloadAssembly
Native extension for WindowsStandalone target not found
Native extension for WebGL target not found
Refreshing native plugins compatible for Editor in 0.21 ms, found 0 plugins.
Preloading 0 native plugins for Editor in 0.00 ms.
Invoked RoslynAnalysisRunner static constructor.
RoslynAnalysisRunner will not be running.
RoslynAnalysisRunner has terminated.
Mono: successfully reloaded assembly
- Completed reload, in  0.745 seconds
Platform modules already initialized, skipping
Refreshing native plugins compatible for Editor in 0.20 ms, found 0 plugins.
Preloading 0 native plugins for Editor in 0.00 ms.
Unloading 1117 Unused Serialized files (Serialized files now loaded: 0)
System memory in use before: 61.8 MB.
System memory in use after: 61.9 MB.

Unloading 5 unused Assets to reduce memory usage. Loaded Objects now: 1691.
Total: 1.830300 ms (FindLiveObjects: 0.151600 ms CreateObjectMapping: 0.039600 ms MarkObjects: 1.581300 ms  DeleteObjects: 0.056300 ms)

========================================================================
Received Prepare
Registering precompiled user dll's ...
Registered in 0.000656 seconds.
Begin MonoManager ReloadAssembly
Native extension for WindowsStandalone target not found
Native extension for WebGL target not found
Refreshing native plugins compatible for Editor in 0.23 ms, found 0 plugins.
Preloading 0 native plugins for Editor in 0.00 ms.
Invoked RoslynAnalysisRunner static constructor.
RoslynAnalysisRunner will not be running.
RoslynAnalysisRunner has terminated.
Mono: successfully reloaded assembly
- Completed reload, in  0.770 seconds
Platform modules already initialized, skipping
Refreshing native plugins compatible for Editor in 0.21 ms, found 0 plugins.
Preloading 0 native plugins for Editor in 0.00 ms.
Unloading 1120 Unused Serialized files (Serialized files now loaded: 0)
System memory in use before: 61.9 MB.
System memory in use after: 62.0 MB.

Unloading 5 unused Assets to reduce memory usage. Loaded Objects now: 1697.
Total: 2.191900 ms (FindLiveObjects: 0.374900 ms CreateObjectMapping: 0.109000 ms MarkObjects: 1.635400 ms  DeleteObjects: 0.071200 ms)

========================================================================
Received Import Request.
  Time since last request: 3027.621594 seconds.
  path: Assets/LowPolyWater_Pack/LowPoly Island/textures/textureSurface_Color_2.jpg
  artifactKey: Guid(c4b4ad6529883dc43874119c9045638a) Importer(815301076,1909f56bfc062723c751e8b465ee728b)
Start importing Assets/LowPolyWater_Pack/LowPoly Island/textures/textureSurface_Color_2.jpg using Guid(c4b4ad6529883dc43874119c9045638a) Importer(815301076,1909f56bfc062723c751e8b465ee728b)  -> (artifact id: 'e963bfd71798dd5768ced4b452a649da') in 0.099824 seconds
  Import took 0.102821 seconds .

========================================================================
Received Import Request.
  Time since last request: 25.251924 seconds.
  path: Assets/Script/TirScriptV2.cs
  artifactKey: Guid(9f30b16c7d4e3804f970ce98ada59596) Importer(815301076,1909f56bfc062723c751e8b465ee728b)
Start importing Assets/Script/TirScriptV2.cs using Guid(9f30b16c7d4e3804f970ce98ada59596) Importer(815301076,1909f56bfc062723c751e8b465ee728b)  -> (artifact id: '71c076bce242f251883d06924d5d6f90') in 0.008981 seconds
  Import took 0.011959 seconds .

========================================================================
Received Prepare
Registering precompiled user dll's ...
Registered in 0.000802 seconds.
Begin MonoManager ReloadAssembly
Native extension for WindowsStandalone target not found
Native extension for WebGL target not found
Refreshing native plugins compatible for Editor in 0.23 ms, found 0 plugins.
Preloading 0 native plugins for Editor in 0.00 ms.
Invoked RoslynAnalysisRunner static constructor.
RoslynAnalysisRunner will not be running.
RoslynAnalysisRunner has terminated.
Mono: successfully reloaded assembly
- Completed reload, in  0.734 seconds
Platform modules already initialized, skipping
Refreshing native plugins compatible for Editor in 0.23 ms, found 0 plugins.
Preloading 0 native plugins for Editor in 0.00 ms.
Unloading 1120 Unused Serialized files (Serialized files now loaded: 0)
System memory in use before: 61.9 MB.
System memory in use after: 62.0 MB.

Unloading 5 unused Assets to reduce memory usage. Loaded Objects now: 1701.
Total: 2.134500 ms (FindLiveObjects: 0.299400 ms CreateObjectMapping: 0.071700 ms MarkObjects: 1.710400 ms  DeleteObjects: 0.051400 ms)

========================================================================
Received Import Request.
  Time since last request: 29.659148 seconds.
  path: Assets/Modeles3D_Golf/LowPoly_Vegetation/Prefabs/Tree_1.prefab
  artifactKey: Guid(35bf6af526b95bb498690bd65c609876) Importer(815301076,1909f56bfc062723c751e8b465ee728b)
Start importing Assets/Modeles3D_Golf/LowPoly_Vegetation/Prefabs/Tree_1.prefab using Guid(35bf6af526b95bb498690bd65c609876) Importer(815301076,1909f56bfc062723c751e8b465ee728b)  -> (artifact id: 'b2abc5407dd4baed7690e558f92a3822') in 0.098668 seconds
  Import took 0.101101 seconds .

========================================================================
Received Import Request.
  Time since last request: 0.033873 seconds.
  path: Assets/Modeles3D_Golf/LowPoly_Vegetation/Prefabs/Tree_2.prefab
  artifactKey: Guid(334ff3e1c061d9147abfa9438b364287) Importer(815301076,1909f56bfc062723c751e8b465ee728b)
Start importing Assets/Modeles3D_Golf/LowPoly_Vegetation/Prefabs/Tree_2.prefab using Guid(334ff3e1c061d9147abfa9438b364287) Importer(815301076,1909f56bfc062723c751e8b465ee728b)  -> (artifact id: 'cc1e4571fc8a6ac8f2389a4ed7542ea0') in 0.034551 seconds
  Import took 0.036645 seconds .

========================================================================
Received Import Request.
  Time since last request: 0.000662 seconds.
  path: Assets/Modeles3D_Golf/LowPoly_Vegetation/Prefabs/Tree_2.prefab
  artifactKey: Guid(334ff3e1c061d9147abfa9438b364287) Importer(815301076,1909f56bfc062723c751e8b465ee728b)
Start importing Assets/Modeles3D_Golf/LowPoly_Vegetation/Prefabs/Tree_2.prefab using Guid(334ff3e1c061d9147abfa9438b364287) Importer(815301076,1909f56bfc062723c751e8b465ee728b)  -> (artifact id: 'cc1e4571fc8a6ac8f2389a4ed7542ea0') in 0.010461 seconds
  Import took 0.012772 seconds .

========================================================================
Received Import Request.
  Time since last request: 0.491504 seconds.
  path: Assets/Modeles3D_Golf/LowPoly_Vegetation/Prefabs/Tree_3.prefab
  artifactKey: Guid(9e2afb71877d6144e9f9e861c7b8f371) Importer(815301076,1909f56bfc062723c751e8b465ee728b)
Start importing Assets/Modeles3D_Golf/LowPoly_Vegetation/Prefabs/Tree_3.prefab using Guid(9e2afb71877d6144e9f9e861c7b8f371) Importer(815301076,1909f56bfc062723c751e8b465ee728b)  -> (artifact id: 'd2e619b7b7d72d79a4fad88d224ce71d') in 0.052379 seconds
  Import took 0.054714 seconds .

========================================================================
Received Import Request.
  Time since last request: 0.000318 seconds.
  path: Assets/Modeles3D_Golf/LowPoly_Vegetation/Prefabs/Tree_4.prefab
  artifactKey: Guid(25e46e7d9dd72ba4981c92a1b9f60fc6) Importer(815301076,1909f56bfc062723c751e8b465ee728b)
Start importing Assets/Modeles3D_Golf/LowPoly_Vegetation/Prefabs/Tree_4.prefab using Guid(25e46e7d9dd72ba4981c92a1b9f60fc6) Importer(815301076,1909f56bfc062723c751e8b465ee728b)  -> (artifact id: 'e85bea00b0af74ac85295f356bbbbeea') in 0.027459 seconds
  Import took 0.029572 seconds .

========================================================================
Received Import Request.
  Time since last request: 0.000281 seconds.
  path: Assets/Modeles3D_Golf/LowPoly_Vegetation/Prefabs/Tree_3.prefab
  artifactKey: Guid(9e2afb71877d6144e9f9e861c7b8f371) Importer(815301076,1909f56bfc062723c751e8b465ee728b)
Start importing Assets/Modeles3D_Golf/LowPoly_Vegetation/Prefabs/Tree_3.prefab using Guid(9e2afb71877d6144e9f9e861c7b8f371) Importer(815301076,1909f56bfc062723c751e8b465ee728b)  -> (artifact id: 'd2e619b7b7d72d79a4fad88d224ce71d') in 0.010188 seconds
  Import took 0.012359 seconds .

========================================================================
Received Import Request.
  Time since last request: 0.004123 seconds.
  path: Assets/Modeles3D_Golf/LowPoly_Vegetation/Prefabs/Tree_5.prefab
  artifactKey: Guid(38767dde447a4fe40b1248611d0bfbfb) Importer(815301076,1909f56bfc062723c751e8b465ee728b)
Start importing Assets/Modeles3D_Golf/LowPoly_Vegetation/Prefabs/Tree_5.prefab using Guid(38767dde447a4fe40b1248611d0bfbfb) Importer(815301076,1909f56bfc062723c751e8b465ee728b)  -> (artifact id: '3777aaa4011d9e9b66bed8fd69cf200e') in 0.030958 seconds
  Import took 0.033277 seconds .

========================================================================
Received Import Request.
  Time since last request: 0.006576 seconds.
  path: Assets/Modeles3D_Golf/LowPoly_Vegetation/Prefabs/Tree_6.prefab
  artifactKey: Guid(6fb3dc26df20b9e42b68030d2b58320d) Importer(815301076,1909f56bfc062723c751e8b465ee728b)
Start importing Assets/Modeles3D_Golf/LowPoly_Vegetation/Prefabs/Tree_6.prefab using Guid(6fb3dc26df20b9e42b68030d2b58320d) Importer(815301076,1909f56bfc062723c751e8b465ee728b)  -> (artifact id: '97072ac6c077b770b78d84a394cded70') in 0.034524 seconds
  Import took 0.037156 seconds .

========================================================================
Received Import Request.
  Time since last request: 0.144839 seconds.
  path: Assets/Modeles3D_Golf/LowPoly_Vegetation/Prefabs/Tree_7.prefab
  artifactKey: Guid(ad5a89e79dc5b0c45bcdf97eaca6d8b7) Importer(815301076,1909f56bfc062723c751e8b465ee728b)
Start importing Assets/Modeles3D_Golf/LowPoly_Vegetation/Prefabs/Tree_7.prefab using Guid(ad5a89e79dc5b0c45bcdf97eaca6d8b7) Importer(815301076,1909f56bfc062723c751e8b465ee728b)  -> (artifact id: '0e2ad11109452859a03f930b9a1f89f5') in 0.035693 seconds
  Import took 0.037804 seconds .

========================================================================
Received Import Request.
  Time since last request: 0.127720 seconds.
  path: Assets/Modeles3D_Golf/LowPoly_Vegetation/Prefabs/Tree_8.prefab
  artifactKey: Guid(f5762127124db5d41ac08cefb93fe8a8) Importer(815301076,1909f56bfc062723c751e8b465ee728b)
Start importing Assets/Modeles3D_Golf/LowPoly_Vegetation/Prefabs/Tree_8.prefab using Guid(f5762127124db5d41ac08cefb93fe8a8) Importer(815301076,1909f56bfc062723c751e8b465ee728b)  -> (artifact id: '993f82098b5ffafcbc3c3f7f8b903e28') in 0.029948 seconds
  Import took 0.032185 seconds .

========================================================================
Received Import Request.
  Time since last request: 0.000208 seconds.
  path: Assets/Modeles3D_Golf/LowPoly_Vegetation/Prefabs/Tree_8 1.prefab
  artifactKey: Guid(5839b1dbb96eeed42a470c8ae60ac321) Importer(815301076,1909f56bfc062723c751e8b465ee728b)
Start importing Assets/Modeles3D_Golf/LowPoly_Vegetation/Prefabs/Tree_8 1.prefab using Guid(5839b1dbb96eeed42a470c8ae60ac321) Importer(815301076,1909f56bfc062723c751e8b465ee728b)  -> (artifact id: 'a076f99747775bbe8df5e2417945b745') in 0.019883 seconds
  Import took 0.022060 seconds .

========================================================================
Received Import Request.
  Time since last request: 0.028462 seconds.
  path: Assets/Modeles3D_Golf/LowPoly_Vegetation/Prefabs/Tree_9.prefab
  artifactKey: Guid(b834b52b9cba78e40ac28a1f9ae0624c) Importer(815301076,1909f56bfc062723c751e8b465ee728b)
Start importing Assets/Modeles3D_Golf/LowPoly_Vegetation/Prefabs/Tree_9.prefab using Guid(b834b52b9cba78e40ac28a1f9ae0624c) Importer(815301076,1909f56bfc062723c751e8b465ee728b)  -> (artifact id: '30ff5ea70ee6dbabb74ae8a374cf1639') in 0.034103 seconds
  Import took 0.036469 seconds .

========================================================================
Received Import Request.
  Time since last request: 0.000366 seconds.
  path: Assets/Modeles3D_Golf/LowPoly_Vegetation/Prefabs/Tree_10_Floating_Island.prefab
  artifactKey: Guid(20f3814e32d1dd9408f275293208a44b) Importer(815301076,1909f56bfc062723c751e8b465ee728b)
Start importing Assets/Modeles3D_Golf/LowPoly_Vegetation/Prefabs/Tree_10_Floating_Island.prefab using Guid(20f3814e32d1dd9408f275293208a44b) Importer(815301076,1909f56bfc062723c751e8b465ee728b)  -> (artifact id: '64f8a099059c3e10d52df4bacfd8d183') in 0.055210 seconds
  Import took 0.057487 seconds .

========================================================================
Received Import Request.
  Time since last request: 0.155891 seconds.
  path: Assets/Modeles3D_Golf/LowPoly_Vegetation/Prefabs/Tree_11.prefab
  artifactKey: Guid(0944bde603abf5949a9217fd3f0dda69) Importer(815301076,1909f56bfc062723c751e8b465ee728b)
Start importing Assets/Modeles3D_Golf/LowPoly_Vegetation/Prefabs/Tree_11.prefab using Guid(0944bde603abf5949a9217fd3f0dda69) Importer(815301076,1909f56bfc062723c751e8b465ee728b)  -> (artifact id: 'c511562926d7615c9ccacb95d35d98a0') in 0.030141 seconds
  Import took 0.032383 seconds .

========================================================================
Received Import Request.
  Time since last request: 0.000251 seconds.
  path: Assets/Modeles3D_Golf/LowPoly_Vegetation/Prefabs/Tree_12.prefab
  artifactKey: Guid(b50fe3b66fbf4d0479824a75cbc5060d) Importer(815301076,1909f56bfc062723c751e8b465ee728b)
Start importing Assets/Modeles3D_Golf/LowPoly_Vegetation/Prefabs/Tree_12.prefab using Guid(b50fe3b66fbf4d0479824a75cbc5060d) Importer(815301076,1909f56bfc062723c751e8b465ee728b)  -> (artifact id: 'a3cbae7e1f153cbcb5a7a35a3c61d2bb') in 0.027723 seconds
  Import took 0.030070 seconds .

========================================================================
Received Prepare
Registering precompiled user dll's ...
Registered in 0.000651 seconds.
Begin MonoManager ReloadAssembly
Native extension for WindowsStandalone target not found
Native extension for WebGL target not found
Refreshing native plugins compatible for Editor in 0.24 ms, found 0 plugins.
Preloading 0 native plugins for Editor in 0.00 ms.
Invoked RoslynAnalysisRunner static constructor.
RoslynAnalysisRunner will not be running.
RoslynAnalysisRunner has terminated.
Mono: successfully reloaded assembly
- Completed reload, in  0.768 seconds
Platform modules already initialized, skipping
Refreshing native plugins compatible for Editor in 0.22 ms, found 0 plugins.
Preloading 0 native plugins for Editor in 0.00 ms.
Unloading 1120 Unused Serialized files (Serialized files now loaded: 0)
System memory in use before: 62.0 MB.
System memory in use after: 62.1 MB.

Unloading 5 unused Assets to reduce memory usage. Loaded Objects now: 1705.
Total: 1.870600 ms (FindLiveObjects: 0.237500 ms CreateObjectMapping: 0.055600 ms MarkObjects: 1.521100 ms  DeleteObjects: 0.053900 ms)

AssetImportWorkerClient::OnTransportError - code=2 error=End of file
